IQ-TREE multicore version 2.0.7 for Linux 64-bit built Apr  1 2024
Developed by Bui Quang Minh, Nguyen Lam Tung, Olga Chernomor,
Heiko Schmidt, Dominik Schrempf, Michael Woodhams.

Host:    betelgeuse (AVX512, FMA3, 125 GB RAM)
Command: iqtree2 -s phylo_work_mammals/mammals_cytb_aligned.fasta -m MFP -B 1000 -T AUTO -redo
Seed:    155849 (Using SPRNG - Scalable Parallel Random Number Generator)
Time:    Wed May 27 03:44:49 2026
Kernel:  AVX+FMA - auto-detect threads (48 CPU cores detected)

Reading alignment file phylo_work_mammals/mammals_cytb_aligned.fasta ... Fasta format detected
Alignment most likely contains DNA/RNA sequences
Alignment has 37 sequences with 1140 columns, 610 distinct patterns
552 parsimony-informative, 71 singleton sites, 517 constant sites
                             Gap/Ambiguity  Composition  p-value
   1  Balaena_mysticetus             0.00%    passed     97.74%
   2  Eubalaena_japonica             0.00%    passed     98.04%
   3  Balaenoptera_musculus          0.00%    passed     98.29%
   4  Balaenoptera_physalus          0.00%    passed     96.54%
   5  Megaptera_novaeangliae         0.00%    passed     85.38%
   6  Eschrichtius_robustus          0.00%    passed     79.44%
   7  Caperea_marginata              0.00%    passed     88.96%
   8  Physeter_macrocephalus         0.00%    passed     49.82%
   9  Kogia_breviceps                0.00%    passed     28.52%
  10  Orcinus_orca                   0.00%    passed     94.29%
  11  Tursiops_truncatus             0.00%    passed     75.72%
  12  Delphinus_delphis              0.26%    passed     82.20%
  13  Globicephala_melas             0.00%    passed     36.55%
  14  Phocoena_phocoena              0.00%    passed     99.38%
  15  Neophocaena_asiaeorientalis    0.00%    passed     58.17%
  16  Monodon_monoceros              0.00%    passed     49.39%
  17  Delphinapterus_leucas          0.00%    passed     67.65%
  18  Ziphius_cavirostris            0.00%    passed     77.19%
  19  Berardius_bairdii              0.00%    passed     89.15%
  20  Platanista_gangetica           0.00%    passed     78.22%
  21  Inia_geoffrensis               0.00%    passed     78.68%
  22  Lipotes_vexillifer             0.00%    passed     28.25%
  23  Phoca_vitulina                 0.00%    passed     83.55%
  24  Mirounga_leonina               0.00%    passed     67.86%
  25  Halichoerus_grypus             0.00%    passed     77.24%
  26  Eumetopias_jubatus             0.00%    passed     97.45%
  27  Zalophus_californianus         0.00%    passed     96.18%
  28  Odobenus_rosmarus              0.00%    passed     31.25%
  29  Trichechus_manatus             0.00%    passed     25.90%
  30  Dugong_dugon                   0.00%    passed     11.67%
  31  Enhydra_lutris                 0.00%    passed     86.16%
  32  Ursus_maritimus                0.00%    passed     20.26%
  33  Hippopotamus_amphibius         0.00%    passed     38.08%
  34  Lutra_lutra                    0.00%    passed     97.78%
  35  Ursus_arctos                   0.00%    passed     38.70%
  36  Loxodonta_africana             0.26%    passed     19.34%
  37  Procavia_capensis              0.00%    passed     52.71%
****  TOTAL                          0.01%  0 sequences failed composition chi2 test (p-value<5%; df=3)


Create initial parsimony tree by phylogenetic likelihood library (PLL)... 0.004 seconds
Measuring multi-threading efficiency up to 48 CPU cores
Increase to 10 rounds for branch lengths
2054 trees examined
Threads: 1 / Time: 48.011 sec / Speedup: 1.000 / Efficiency: 100% / LogL: -19602
Threads: 2 / Time: 36.076 sec / Speedup: 1.331 / Efficiency: 67% / LogL: -19602
Threads: 3 / Time: 45.957 sec / Speedup: 1.045 / Efficiency: 35% / LogL: -19602
BEST NUMBER OF THREADS: 2

Perform fast likelihood tree search using GTR+I+G model...
Estimate model parameters (epsilon = 5.000)
Perform nearest neighbor interchange...
Estimate model parameters (epsilon = 1.000)
1. Initial log-likelihood: -14984.642
Optimal log-likelihood: -14984.219
Rate parameters:  A-C: 3.54591  A-G: 16.05872  A-T: 1.20393  C-G: 0.57343  C-T: 23.20431  G-T: 1.00000
Base frequencies:  A: 0.302  C: 0.306  G: 0.131  T: 0.261
Proportion of invariable sites: 0.423
Gamma shape alpha: 1.393
Parameters optimization took 1 rounds (0.013 sec)
Time for fast ML tree search: 0.192 seconds

NOTE: ModelFinder requires 9 MB RAM!
ModelFinder will test up to 286 DNA models (sample size: 1140) ...
 No. Model         -LnL         df  AIC          AICc         BIC
  1  GTR+F         16856.494    79  33870.989    33882.913    34269.053
  2  GTR+F+I       15249.255    80  30658.510    30670.748    31061.613
  3  GTR+F+G4      15072.838    80  30305.675    30317.913    30708.778
  4  GTR+F+I+G4    14984.152    81  30130.304    30142.860    30538.445
  5  GTR+F+R2      15074.179    81  30310.358    30322.914    30718.500
  6  GTR+F+R3      14978.109    83  30122.217    30135.422    30540.436
  7  GTR+F+R4      14963.879    85  30097.759    30111.630    30526.056
  8  GTR+F+R5      14962.904    87  30099.809    30114.364    30538.183
 20  SYM+R4        15110.807    82  30385.614    30398.492    30798.795
 33  TVM+F+R4      14979.100    84  30126.201    30139.736    30549.458
 46  TVMe+R4       15265.537    81  30693.075    30705.630    31101.216
 59  TIM3+F+R4     15008.309    83  30182.618    30195.823    30600.837
 72  TIM3e+R4      15303.717    80  30767.435    30779.673    31170.537
 85  TIM2+F+R4     14988.291    83  30142.581    30155.786    30560.801
 98  TIM2e+R4      15158.727    80  30477.454    30489.692    30880.556
111  TIM+F+R4      14983.412    83  30132.824    30146.028    30551.043
124  TIMe+R4       15213.903    80  30587.807    30600.045    30990.909
137  TPM3u+F+R4    15021.104    82  30206.208    30219.086    30619.389
150  TPM3+F+R4     15021.104    82  30206.208    30219.086    30619.389
163  TPM2u+F+R4    15004.007    82  30172.014    30184.892    30585.194
176  TPM2+F+R4     15004.007    82  30172.014    30184.892    30585.194
189  K3Pu+F+R4     14996.692    82  30157.385    30170.263    30570.565
202  K3P+R4        15376.646    79  30911.291    30923.216    31309.355
215  TN+F+R4       15023.740    82  30211.480    30224.358    30624.660
228  TNe+R4        15327.130    79  30812.260    30824.184    31210.323
241  HKY+F+R4      15036.518    81  30235.036    30247.592    30643.177
254  K2P+R4        15490.611    78  31137.221    31148.837    31530.247
267  F81+F+R4      16518.639    80  33197.279    33209.517    33600.382
280  JC+R4         16743.798    77  33641.595    33652.906    34029.582
Akaike Information Criterion:           GTR+F+R4
Corrected Akaike Information Criterion: GTR+F+R4
Bayesian Information Criterion:         GTR+F+R4
Best-fit model: GTR+F+R4 chosen according to BIC

All model information printed to phylo_work_mammals/mammals_cytb_aligned.fasta.model.gz
CPU time for ModelFinder: 263.029 seconds (0h:4m:23s)
Wall-clock time for ModelFinder: 134.727 seconds (0h:2m:14s)
Generating 1000 samples for ultrafast bootstrap (seed: 155849)...

NOTE: 5 MB RAM (0 GB) is required!
Estimate model parameters (epsilon = 0.100)
1. Initial log-likelihood: -14963.879
Optimal log-likelihood: -14963.803
Rate parameters:  A-C: 3.30095  A-G: 15.02585  A-T: 1.15224  C-G: 0.53718  C-T: 21.71987  G-T: 1.00000
Base frequencies:  A: 0.302  C: 0.306  G: 0.131  T: 0.261
Site proportion and rates:  (0.492,0.019) (0.174,0.777) (0.288,2.057) (0.045,5.778)
Parameters optimization took 1 rounds (0.033 sec)
Computing ML distances based on estimated model parameters... 0.011 sec
Computing BIONJ tree...
0.000 seconds
Log-likelihood of BIONJ tree: -14970.247
--------------------------------------------------------------------
|             INITIALIZING CANDIDATE TREE SET                      |
--------------------------------------------------------------------
Generating 98 parsimony trees... 0.212 second
Computing log-likelihood of 98 initial trees ... 0.351 seconds
Current best score: -14963.803

Do NNI search on 20 best initial trees
Estimate model parameters (epsilon = 0.100)
BETTER TREE FOUND at iteration 1: -14963.744
Iteration 10 / LogL: -14964.384 / Time: 0h:0m:0s
Iteration 20 / LogL: -14963.842 / Time: 0h:0m:1s
Finish initializing candidate tree set (3)
Current best tree score: -14963.744 / CPU time: 1.373
Number of iterations: 20
--------------------------------------------------------------------
|               OPTIMIZING CANDIDATE TREE SET                      |
--------------------------------------------------------------------
Iteration 30 / LogL: -14966.115 / Time: 0h:0m:2s (0h:0m:5s left)
Iteration 40 / LogL: -14963.761 / Time: 0h:0m:2s (0h:0m:4s left)
Iteration 50 / LogL: -14965.636 / Time: 0h:0m:3s (0h:0m:3s left)
Log-likelihood cutoff on original alignment: -14997.278
Iteration 60 / LogL: -14963.749 / Time: 0h:0m:4s (0h:0m:2s left)
Iteration 70 / LogL: -14964.901 / Time: 0h:0m:4s (0h:0m:2s left)
Iteration 80 / LogL: -14963.767 / Time: 0h:0m:5s (0h:0m:1s left)
Iteration 90 / LogL: -14963.831 / Time: 0h:0m:6s (0h:0m:0s left)
Iteration 100 / LogL: -14965.630 / Time: 0h:0m:6s (0h:0m:0s left)
Log-likelihood cutoff on original alignment: -14997.278
NOTE: Bootstrap correlation coefficient of split occurrence frequencies: 1.000
TREE SEARCH COMPLETED AFTER 102 ITERATIONS / Time: 0h:0m:6s

--------------------------------------------------------------------
|                    FINALIZING TREE SEARCH                        |
--------------------------------------------------------------------
Performs final model parameters optimization
Estimate model parameters (epsilon = 0.010)
1. Initial log-likelihood: -14963.744
2. Current log-likelihood: -14963.703
3. Current log-likelihood: -14963.670
4. Current log-likelihood: -14963.646
5. Current log-likelihood: -14963.627
6. Current log-likelihood: -14963.614
7. Current log-likelihood: -14963.604
Optimal log-likelihood: -14963.597
Rate parameters:  A-C: 3.29722  A-G: 15.00446  A-T: 1.15254  C-G: 0.53923  C-T: 21.74659  G-T: 1.00000
Base frequencies:  A: 0.302  C: 0.306  G: 0.131  T: 0.261
Site proportion and rates:  (0.494,0.019) (0.190,0.824) (0.276,2.144) (0.040,6.076)
Parameters optimization took 7 rounds (0.132 sec)
BEST SCORE FOUND : -14963.597
Creating bootstrap support values...
Split supports printed to NEXUS file phylo_work_mammals/mammals_cytb_aligned.fasta.splits.nex
Total tree length: 5.057

Total number of iterations: 102
CPU time used for tree search: 12.755 sec (0h:0m:12s)
Wall-clock time used for tree search: 6.742 sec (0h:0m:6s)
Total CPU time used: 13.192 sec (0h:0m:13s)
Total wall-clock time used: 6.988 sec (0h:0m:6s)

Computing bootstrap consensus tree...
Reading input file phylo_work_mammals/mammals_cytb_aligned.fasta.splits.nex...
37 taxa and 159 splits.
Consensus tree written to phylo_work_mammals/mammals_cytb_aligned.fasta.contree
Reading input trees file phylo_work_mammals/mammals_cytb_aligned.fasta.contree
Log-likelihood of consensus tree: -14963.597

Analysis results written to: 
  IQ-TREE report:                phylo_work_mammals/mammals_cytb_aligned.fasta.iqtree
  Maximum-likelihood tree:       phylo_work_mammals/mammals_cytb_aligned.fasta.treefile
  Likelihood distances:          phylo_work_mammals/mammals_cytb_aligned.fasta.mldist

Ultrafast bootstrap approximation results written to:
  Split support values:          phylo_work_mammals/mammals_cytb_aligned.fasta.splits.nex
  Consensus tree:                phylo_work_mammals/mammals_cytb_aligned.fasta.contree
  Screen log file:               phylo_work_mammals/mammals_cytb_aligned.fasta.log

Date and Time: Wed May 27 03:47:10 2026
